/Users/shonusengupta/Fuckshit_Experiments/AI_Companion/verification/battery.py:546: DeprecationWarning: datetime.datetime.utcnow() is deprecated and scheduled for removal in a future version. Use timezone-aware objects to represent datetimes in UTC: datetime.datetime.now(datetime.UTC).
  stamp = datetime.datetime.utcnow().isoformat(timespec="seconds") + "Z"
[psychometric] anima(Elena Morales) item 1/15
[psychometric] baseline(Elena Morales) item 1/15
[psychometric] anima(Marcus Reilly) item 1/15
[psychometric] baseline(Marcus Reilly) item 1/15
[psychometric] anima(Jamie Okafor) item 1/15
[psychometric] baseline(Jamie Okafor) item 1/15
[psychometric] baseline(Elena Morales) item 2/15
[psychometric] baseline(Jamie Okafor) item 2/15
[psychometric] baseline(Jamie Okafor) item 3/15
[psychometric] baseline(Marcus Reilly) item 2/15
[psychometric] baseline(Jamie Okafor) item 4/15
[psychometric] baseline(Jamie Okafor) item 5/15
[psychometric] baseline(Elena Morales) item 3/15
[psychometric] baseline(Jamie Okafor) item 6/15
[psychometric] baseline(Jamie Okafor) item 7/15
[psychometric] baseline(Jamie Okafor) item 8/15
[psychometric] baseline(Marcus Reilly) item 3/15
[psychometric] baseline(Jamie Okafor) item 9/15
[psychometric] baseline(Marcus Reilly) item 4/15
[psychometric] baseline(Elena Morales) item 4/15
[psychometric] baseline(Jamie Okafor) item 10/15
[psychometric] baseline(Elena Morales) item 5/15
[psychometric] baseline(Marcus Reilly) item 5/15
[psychometric] baseline(Jamie Okafor) item 11/15
[psychometric] baseline(Elena Morales) item 6/15
[psychometric] baseline(Jamie Okafor) item 12/15
[psychometric] baseline(Elena Morales) item 7/15
[psychometric] baseline(Marcus Reilly) item 6/15
[psychometric] baseline(Elena Morales) item 8/15
[psychometric] baseline(Jamie Okafor) item 13/15
[psychometric] baseline(Marcus Reilly) item 7/15
[psychometric] baseline(Jamie Okafor) item 14/15
[psychometric] baseline(Marcus Reilly) item 8/15
[psychometric] baseline(Jamie Okafor) item 15/15
[psychometric] baseline(Elena Morales) item 9/15
[psychometric] baseline(Elena Morales) item 10/15
[psychometric] baseline(Marcus Reilly) item 9/15
[psychometric] anima(Jamie Okafor) item 2/15
[psychometric] baseline(Elena Morales) item 11/15
[psychometric] baseline(Elena Morales) item 12/15
[psychometric] baseline(Marcus Reilly) item 10/15
[psychometric] baseline(Marcus Reilly) item 11/15
[psychometric] baseline(Elena Morales) item 13/15
[psychometric] baseline(Elena Morales) item 14/15
[psychometric] anima(Elena Morales) item 2/15
[psychometric] baseline(Marcus Reilly) item 12/15
[psychometric] baseline(Elena Morales) item 15/15
[psychometric] baseline(Marcus Reilly) item 13/15
[psychometric] baseline(Marcus Reilly) item 14/15
[psychometric] baseline(Marcus Reilly) item 15/15
[psychometric] anima(Marcus Reilly) item 2/15
[psychometric] anima(Elena Morales) item 3/15
[psychometric] anima(Elena Morales) item 4/15
[psychometric] anima(Jamie Okafor) item 3/15
[psychometric] anima(Jamie Okafor) item 4/15
[psychometric] anima(Marcus Reilly) item 3/15
[psychometric] anima(Elena Morales) item 5/15
[psychometric] anima(Jamie Okafor) item 5/15
[psychometric] anima(Marcus Reilly) item 4/15
[psychometric] anima(Elena Morales) item 6/15
[psychometric] anima(Jamie Okafor) item 6/15
[psychometric] anima(Elena Morales) item 7/15
[psychometric] anima(Marcus Reilly) item 5/15
[psychometric] anima(Jamie Okafor) item 7/15
[psychometric] anima(Marcus Reilly) item 6/15
[psychometric] anima(Marcus Reilly) item 7/15
[psychometric] anima(Elena Morales) item 8/15
[psychometric] anima(Marcus Reilly) item 8/15
[psychometric] anima(Jamie Okafor) item 8/15
[psychometric] anima(Jamie Okafor) item 9/15
[psychometric] anima(Elena Morales) item 9/15
[psychometric] anima(Marcus Reilly) item 9/15
[psychometric] anima(Elena Morales) item 10/15
[psychometric] anima(Jamie Okafor) item 10/15
[psychometric] anima(Elena Morales) item 11/15
[psychometric] anima(Marcus Reilly) item 10/15
[psychometric] anima(Jamie Okafor) item 11/15
[psychometric] anima(Elena Morales) item 12/15
[psychometric] anima(Marcus Reilly) item 11/15
[psychometric] anima(Jamie Okafor) item 12/15
[psychometric] anima(Jamie Okafor) item 13/15
[psychometric] anima(Marcus Reilly) item 12/15
[psychometric] anima(Jamie Okafor) item 14/15
[psychometric] anima(Elena Morales) item 13/15
[psychometric] anima(Marcus Reilly) item 13/15
[psychometric] anima(Jamie Okafor) item 15/15
[psychometric] anima(Elena Morales) item 14/15
[psychometric] anima(Marcus Reilly) item 14/15
[psychometric] anima(Elena Morales) item 15/15
[psychometric] anima(Marcus Reilly) item 15/15
